2022-08-13 22:23:18,690 INFO [main] org.springframework.boot.StartupInfoLogger: Starting SpringBootCrudJdbcTemplateApplication on DESKTOP-ICLBN4D with PID 14492 (C:\Users\Frank\Documents\GitHub\spring-boot-crud-jdbc-template\target\classes started by Frank in C:\Users\Frank\Documents\GitHub\spring-boot-crud-jdbc-template)
2022-08-13 22:23:18,715 INFO [main] org.springframework.boot.SpringApplication: No active profile set, falling back to default profiles: default
2022-08-13 22:23:23,687 INFO [main] org.springframework.data.repository.config.RepositoryConfigurationDelegate: Bootstrapping Spring Data JDBC repositories in DEFAULT mode.
2022-08-13 22:23:23,744 INFO [main] org.springframework.data.repository.config.RepositoryConfigurationDelegate: Finished Spring Data repository scanning in 40ms. Found 0 JDBC repository interfaces.
2022-08-13 22:23:26,499 INFO [main] org.springframework.boot.web.embedded.tomcat.TomcatWebServer: Tomcat initialized with port(s): 8080 (http)
2022-08-13 22:23:26,627 INFO [main] org.apache.juli.logging.DirectJDKLog: Initializing ProtocolHandler ["http-nio-8080"]
2022-08-13 22:23:26,635 INFO [main] org.apache.juli.logging.DirectJDKLog: Starting service [Tomcat]
2022-08-13 22:23:26,651 INFO [main] org.apache.juli.logging.DirectJDKLog: Starting Servlet engine: [Apache Tomcat/9.0.38]
2022-08-13 22:23:27,571 INFO [main] org.apache.juli.logging.DirectJDKLog: Initializing Spring embedded WebApplicationContext
2022-08-13 22:23:27,571 INFO [main] org.springframework.boot.web.servlet.context.ServletWebServerApplicationContext: Root WebApplicationContext: initialization completed in 8350 ms
2022-08-13 22:23:30,150 INFO [main] org.springframework.scheduling.concurrent.ExecutorConfigurationSupport: Initializing ExecutorService 'applicationTaskExecutor'
2022-08-13 22:23:30,731 INFO [main] com.zaxxer.hikari.HikariDataSource: HikariPool-1 - Starting...
2022-08-13 22:23:30,781 WARN [main] com.zaxxer.hikari.util.DriverDataSource: Registered driver with driverClassName=com.mysql.jdbc.Driver was not found, trying direct instantiation.
2022-08-13 22:23:31,563 INFO [main] com.zaxxer.hikari.HikariDataSource: HikariPool-1 - Start completed.
2022-08-13 22:23:32,631 INFO [main] org.apache.juli.logging.DirectJDKLog: Starting ProtocolHandler ["http-nio-8080"]
2022-08-13 22:23:33,178 INFO [main] org.springframework.boot.web.embedded.tomcat.TomcatWebServer: Tomcat started on port(s): 8080 (http) with context path ''
2022-08-13 22:23:34,166 INFO [main] org.springframework.boot.StartupInfoLogger: Started SpringBootCrudJdbcTemplateApplication in 17.194 seconds (JVM running for 18.357)
2022-08-13 22:23:41,488 INFO [http-nio-8080-exec-3] org.apache.juli.logging.DirectJDKLog: Initializing Spring DispatcherServlet 'dispatcherServlet'
2022-08-13 22:23:41,493 INFO [http-nio-8080-exec-3] org.springframework.web.servlet.FrameworkServlet: Initializing Servlet 'dispatcherServlet'
2022-08-13 22:23:41,528 INFO [http-nio-8080-exec-3] org.springframework.web.servlet.FrameworkServlet: Completed initialization in 32 ms
2022-08-13 22:28:01,824 INFO [SpringContextShutdownHook] org.springframework.scheduling.concurrent.ExecutorConfigurationSupport: Shutting down ExecutorService 'applicationTaskExecutor'
2022-08-13 22:28:01,835 INFO [SpringContextShutdownHook] com.zaxxer.hikari.HikariDataSource: HikariPool-1 - Shutdown initiated...
2022-08-13 22:28:01,899 INFO [SpringContextShutdownHook] com.zaxxer.hikari.HikariDataSource: HikariPool-1 - Shutdown completed.
2022-08-13 22:28:40,272 INFO [main] org.springframework.boot.StartupInfoLogger: Starting SpringBootCrudJdbcTemplateApplication on DESKTOP-ICLBN4D with PID 14736 (C:\Users\Frank\Documents\GitHub\spring-boot-crud-jdbc-template\target\classes started by Frank in C:\Users\Frank\Documents\GitHub\spring-boot-crud-jdbc-template)
2022-08-13 22:28:40,293 INFO [main] org.springframework.boot.SpringApplication: No active profile set, falling back to default profiles: default
2022-08-13 22:28:44,490 INFO [main] org.springframework.data.repository.config.RepositoryConfigurationDelegate: Bootstrapping Spring Data JDBC repositories in DEFAULT mode.
2022-08-13 22:28:44,617 INFO [main] org.springframework.data.repository.config.RepositoryConfigurationDelegate: Finished Spring Data repository scanning in 92ms. Found 0 JDBC repository interfaces.
2022-08-13 22:28:47,203 INFO [main] org.springframework.boot.web.embedded.tomcat.TomcatWebServer: Tomcat initialized with port(s): 8080 (http)
2022-08-13 22:28:47,332 INFO [main] org.apache.juli.logging.DirectJDKLog: Initializing ProtocolHandler ["http-nio-8080"]
2022-08-13 22:28:47,332 INFO [main] org.apache.juli.logging.DirectJDKLog: Starting service [Tomcat]
2022-08-13 22:28:47,340 INFO [main] org.apache.juli.logging.DirectJDKLog: Starting Servlet engine: [Apache Tomcat/9.0.38]
2022-08-13 22:28:48,144 INFO [main] org.apache.juli.logging.DirectJDKLog: Initializing Spring embedded WebApplicationContext
2022-08-13 22:28:48,144 INFO [main] org.springframework.boot.web.servlet.context.ServletWebServerApplicationContext: Root WebApplicationContext: initialization completed in 7555 ms
2022-08-13 22:28:50,606 INFO [main] org.springframework.scheduling.concurrent.ExecutorConfigurationSupport: Initializing ExecutorService 'applicationTaskExecutor'
2022-08-13 22:28:51,318 INFO [main] com.zaxxer.hikari.HikariDataSource: HikariPool-1 - Starting...
2022-08-13 22:28:51,361 WARN [main] com.zaxxer.hikari.util.DriverDataSource: Registered driver with driverClassName=com.mysql.jdbc.Driver was not found, trying direct instantiation.
2022-08-13 22:28:52,223 INFO [main] com.zaxxer.hikari.HikariDataSource: HikariPool-1 - Start completed.
2022-08-13 22:28:52,663 INFO [main] org.apache.juli.logging.DirectJDKLog: Starting ProtocolHandler ["http-nio-8080"]
2022-08-13 22:28:52,903 INFO [main] org.springframework.boot.web.embedded.tomcat.TomcatWebServer: Tomcat started on port(s): 8080 (http) with context path ''
2022-08-13 22:28:53,564 INFO [main] org.springframework.boot.StartupInfoLogger: Started SpringBootCrudJdbcTemplateApplication in 14.845 seconds (JVM running for 16.365)
2022-08-13 22:28:58,350 INFO [http-nio-8080-exec-2] org.apache.juli.logging.DirectJDKLog: Initializing Spring DispatcherServlet 'dispatcherServlet'
2022-08-13 22:28:58,358 INFO [http-nio-8080-exec-2] org.springframework.web.servlet.FrameworkServlet: Initializing Servlet 'dispatcherServlet'
2022-08-13 22:28:58,366 INFO [http-nio-8080-exec-2] org.springframework.web.servlet.FrameworkServlet: Completed initialization in 8 ms
2022-08-13 22:34:06,423 INFO [SpringContextShutdownHook] org.springframework.scheduling.concurrent.ExecutorConfigurationSupport: Shutting down ExecutorService 'applicationTaskExecutor'
2022-08-13 22:34:06,469 INFO [SpringContextShutdownHook] com.zaxxer.hikari.HikariDataSource: HikariPool-1 - Shutdown initiated...
2022-08-13 22:34:06,580 INFO [SpringContextShutdownHook] com.zaxxer.hikari.HikariDataSource: HikariPool-1 - Shutdown completed.
2022-08-13 22:34:28,933 INFO [main] org.springframework.boot.StartupInfoLogger: Starting SpringBootCrudJdbcTemplateApplication on DESKTOP-ICLBN4D with PID 1632 (C:\Users\Frank\Documents\GitHub\spring-boot-crud-jdbc-template\target\classes started by Frank in C:\Users\Frank\Documents\GitHub\spring-boot-crud-jdbc-template)
2022-08-13 22:34:28,933 INFO [main] org.springframework.boot.SpringApplication: No active profile set, falling back to default profiles: default
2022-08-13 22:34:31,571 INFO [main] org.springframework.data.repository.config.RepositoryConfigurationDelegate: Bootstrapping Spring Data JDBC repositories in DEFAULT mode.
2022-08-13 22:34:31,802 INFO [main] org.springframework.data.repository.config.RepositoryConfigurationDelegate: Finished Spring Data repository scanning in 189ms. Found 0 JDBC repository interfaces.
2022-08-13 22:34:34,922 INFO [main] org.springframework.boot.web.embedded.tomcat.TomcatWebServer: Tomcat initialized with port(s): 8080 (http)
2022-08-13 22:34:34,986 INFO [main] org.apache.juli.logging.DirectJDKLog: Initializing ProtocolHandler ["http-nio-8080"]
2022-08-13 22:34:34,994 INFO [main] org.apache.juli.logging.DirectJDKLog: Starting service [Tomcat]
2022-08-13 22:34:34,994 INFO [main] org.apache.juli.logging.DirectJDKLog: Starting Servlet engine: [Apache Tomcat/9.0.38]
2022-08-13 22:34:35,275 INFO [main] org.apache.juli.logging.DirectJDKLog: Initializing Spring embedded WebApplicationContext
2022-08-13 22:34:35,275 INFO [main] org.springframework.boot.web.servlet.context.ServletWebServerApplicationContext: Root WebApplicationContext: initialization completed in 6234 ms
2022-08-13 22:34:37,607 INFO [main] org.springframework.scheduling.concurrent.ExecutorConfigurationSupport: Initializing ExecutorService 'applicationTaskExecutor'
2022-08-13 22:34:38,473 INFO [main] com.zaxxer.hikari.HikariDataSource: HikariPool-1 - Starting...
2022-08-13 22:34:38,503 WARN [main] com.zaxxer.hikari.util.DriverDataSource: Registered driver with driverClassName=com.mysql.jdbc.Driver was not found, trying direct instantiation.
2022-08-13 22:34:39,379 INFO [main] com.zaxxer.hikari.HikariDataSource: HikariPool-1 - Start completed.
2022-08-13 22:34:39,706 INFO [main] org.apache.juli.logging.DirectJDKLog: Starting ProtocolHandler ["http-nio-8080"]
2022-08-13 22:34:39,957 INFO [main] org.springframework.boot.web.embedded.tomcat.TomcatWebServer: Tomcat started on port(s): 8080 (http) with context path ''
2022-08-13 22:34:41,925 INFO [main] org.springframework.boot.StartupInfoLogger: Started SpringBootCrudJdbcTemplateApplication in 13.55 seconds (JVM running for 14.565)
2022-08-13 22:34:48,545 INFO [http-nio-8080-exec-2] org.apache.juli.logging.DirectJDKLog: Initializing Spring DispatcherServlet 'dispatcherServlet'
2022-08-13 22:34:48,545 INFO [http-nio-8080-exec-2] org.springframework.web.servlet.FrameworkServlet: Initializing Servlet 'dispatcherServlet'
2022-08-13 22:34:48,577 INFO [http-nio-8080-exec-2] org.springframework.web.servlet.FrameworkServlet: Completed initialization in 32 ms
2022-08-13 22:34:54,524 DEBUG [http-nio-8080-exec-3] com.tbp.crud.dao.UserRepositoryImpl: Reading profile for user 1
2022-08-13 22:36:47,513 INFO [SpringContextShutdownHook] org.springframework.scheduling.concurrent.ExecutorConfigurationSupport: Shutting down ExecutorService 'applicationTaskExecutor'
2022-08-13 22:36:47,528 INFO [SpringContextShutdownHook] com.zaxxer.hikari.HikariDataSource: HikariPool-1 - Shutdown initiated...
2022-08-13 22:36:47,611 INFO [SpringContextShutdownHook] com.zaxxer.hikari.HikariDataSource: HikariPool-1 - Shutdown completed.
2022-08-13 22:37:05,858 INFO [main] org.springframework.boot.StartupInfoLogger: Starting SpringBootCrudJdbcTemplateApplication on DESKTOP-ICLBN4D with PID 17044 (C:\Users\Frank\Documents\GitHub\spring-boot-crud-jdbc-template\target\classes started by Frank in C:\Users\Frank\Documents\GitHub\spring-boot-crud-jdbc-template)
2022-08-13 22:37:05,871 INFO [main] org.springframework.boot.SpringApplication: No active profile set, falling back to default profiles: default
2022-08-13 22:37:09,436 INFO [main] org.springframework.data.repository.config.RepositoryConfigurationDelegate: Bootstrapping Spring Data JDBC repositories in DEFAULT mode.
2022-08-13 22:37:09,565 INFO [main] org.springframework.data.repository.config.RepositoryConfigurationDelegate: Finished Spring Data repository scanning in 91ms. Found 0 JDBC repository interfaces.
2022-08-13 22:37:12,900 INFO [main] org.springframework.boot.web.embedded.tomcat.TomcatWebServer: Tomcat initialized with port(s): 8080 (http)
2022-08-13 22:37:12,984 INFO [main] org.apache.juli.logging.DirectJDKLog: Initializing ProtocolHandler ["http-nio-8080"]
2022-08-13 22:37:12,990 INFO [main] org.apache.juli.logging.DirectJDKLog: Starting service [Tomcat]
2022-08-13 22:37:12,993 INFO [main] org.apache.juli.logging.DirectJDKLog: Starting Servlet engine: [Apache Tomcat/9.0.38]
2022-08-13 22:37:13,546 INFO [main] org.apache.juli.logging.DirectJDKLog: Initializing Spring embedded WebApplicationContext
2022-08-13 22:37:13,549 INFO [main] org.springframework.boot.web.servlet.context.ServletWebServerApplicationContext: Root WebApplicationContext: initialization completed in 7395 ms
2022-08-13 22:37:15,476 INFO [main] org.springframework.scheduling.concurrent.ExecutorConfigurationSupport: Initializing ExecutorService 'applicationTaskExecutor'
2022-08-13 22:37:16,400 INFO [main] com.zaxxer.hikari.HikariDataSource: HikariPool-1 - Starting...
2022-08-13 22:37:16,439 WARN [main] com.zaxxer.hikari.util.DriverDataSource: Registered driver with driverClassName=com.mysql.jdbc.Driver was not found, trying direct instantiation.
2022-08-13 22:37:18,230 INFO [main] com.zaxxer.hikari.HikariDataSource: HikariPool-1 - Start completed.
2022-08-13 22:37:18,722 INFO [main] org.apache.juli.logging.DirectJDKLog: Starting ProtocolHandler ["http-nio-8080"]
2022-08-13 22:37:18,930 INFO [main] org.springframework.boot.web.embedded.tomcat.TomcatWebServer: Tomcat started on port(s): 8080 (http) with context path ''
2022-08-13 22:37:19,863 INFO [main] org.springframework.boot.StartupInfoLogger: Started SpringBootCrudJdbcTemplateApplication in 15.462 seconds (JVM running for 17.701)
2022-08-13 22:37:29,026 INFO [http-nio-8080-exec-2] org.apache.juli.logging.DirectJDKLog: Initializing Spring DispatcherServlet 'dispatcherServlet'
2022-08-13 22:37:29,066 INFO [http-nio-8080-exec-2] org.springframework.web.servlet.FrameworkServlet: Initializing Servlet 'dispatcherServlet'
2022-08-13 22:37:29,137 INFO [http-nio-8080-exec-2] org.springframework.web.servlet.FrameworkServlet: Completed initialization in 57 ms
2022-08-13 22:37:35,681 DEBUG [http-nio-8080-exec-3] com.tbp.crud.dao.UserRepositoryImpl: Leyendo datos para el usuario 1
2022-08-13 22:37:52,817 DEBUG [http-nio-8080-exec-4] com.tbp.crud.dao.UserRepositoryImpl: Guardando usuario User(id=5, fname=Frauu, lname=Barrios, email=franklin.barrios@icloud.com)
2022-08-13 22:38:06,522 DEBUG [http-nio-8080-exec-5] com.tbp.crud.dao.UserRepositoryImpl: Actualizando usuario User(id=5, fname=Jhon, lname=Barrios, email=franklin.barrios@icloud.com)
2022-08-13 22:38:18,634 DEBUG [http-nio-8080-exec-6] com.tbp.crud.dao.UserRepositoryImpl: Eliminando usuario 6
2022-08-13 22:38:46,785 INFO [SpringContextShutdownHook] org.springframework.scheduling.concurrent.ExecutorConfigurationSupport: Shutting down ExecutorService 'applicationTaskExecutor'
2022-08-13 22:38:46,803 INFO [SpringContextShutdownHook] com.zaxxer.hikari.HikariDataSource: HikariPool-1 - Shutdown initiated...
2022-08-13 22:38:46,859 INFO [SpringContextShutdownHook] com.zaxxer.hikari.HikariDataSource: HikariPool-1 - Shutdown completed.
